Copyright 1986-2021 Xilinx, Inc. All Rights Reserved.
------------------------------------------------------------------------------------------
| Tool Version : Vivado v.2021.2 (win64) Build 3367213 Tue Oct 19 02:48:09 MDT 2021
| Date         : Thu Jan  6 22:17:50 2022
| Host         : DESKTOP-NQNJDGK running 64-bit major release  (build 9200)
| Command      : report_clock_utilization -file soc_lite_top_clock_utilization_routed.rpt
| Design       : soc_lite_top
| Device       : 7a100t-csg324
| Speed File   : -1  PRODUCTION 1.23 2018-06-13
| Design State : Routed
------------------------------------------------------------------------------------------

Clock Utilization Report

Table of Contents
-----------------
1. Clock Primitive Utilization
2. Global Clock Resources
3. Global Clock Source Details
4. Clock Regions: Key Resource Utilization
5. Clock Regions : Global Clock Summary
6. Device Cell Placement Summary for Global Clock g0
7. Device Cell Placement Summary for Global Clock g1
8. Device Cell Placement Summary for Global Clock g2
9. Device Cell Placement Summary for Global Clock g3
10. Device Cell Placement Summary for Global Clock g4
11. Device Cell Placement Summary for Global Clock g5
12. Device Cell Placement Summary for Global Clock g6
13. Device Cell Placement Summary for Global Clock g7
14. Clock Region Cell Placement per Global Clock: Region X0Y0
15. Clock Region Cell Placement per Global Clock: Region X1Y0
16. Clock Region Cell Placement per Global Clock: Region X0Y1
17. Clock Region Cell Placement per Global Clock: Region X1Y1
18. Clock Region Cell Placement per Global Clock: Region X0Y2
19. Clock Region Cell Placement per Global Clock: Region X1Y2
20. Clock Region Cell Placement per Global Clock: Region X0Y3
21. Clock Region Cell Placement per Global Clock: Region X1Y3

1. Clock Primitive Utilization
------------------------------

+----------+------+-----------+-----+--------------+--------+
| Type     | Used | Available | LOC | Clock Region | Pblock |
+----------+------+-----------+-----+--------------+--------+
| BUFGCTRL |    8 |        32 |   0 |            0 |      0 |
| BUFH     |    0 |        96 |   0 |            0 |      0 |
| BUFIO    |    0 |        24 |   0 |            0 |      0 |
| BUFMR    |    0 |        12 |   0 |            0 |      0 |
| BUFR     |    0 |        24 |   0 |            0 |      0 |
| MMCM     |    0 |         6 |   0 |            0 |      0 |
| PLL      |    1 |         6 |   0 |            0 |      0 |
+----------+------+-----------+-----+--------------+--------+


2. Global Clock Resources
-------------------------

+-----------+-----------+-----------------+------------+---------------+--------------+-------------------+-------------+-----------------+--------------+-------------------+--------------------------------+---------------------------------------+
| Global Id | Source Id | Driver Type/Pin | Constraint | Site          | Clock Region | Load Clock Region | Clock Loads | Non-Clock Loads | Clock Period | Clock             | Driver Pin                     | Net                                   |
+-----------+-----------+-----------------+------------+---------------+--------------+-------------------+-------------+-----------------+--------------+-------------------+--------------------------------+---------------------------------------+
| g0        | src0      | BUFG/O          | None       | BUFGCTRL_X0Y0 | n/a          |                 8 |         906 |               1 |       20.000 | cpu_clk_clk_pll   | pll.clk_pll/inst/clkout1_buf/O | pll.clk_pll/inst/cpu_clk              |
| g1        | src0      | BUFG/O          | None       | BUFGCTRL_X0Y1 | n/a          |                 4 |         566 |               0 |       20.000 | cpu_clk_clk_pll   | n_0_4267_BUFG_inst/O           | n_0_4267_BUFG                         |
| g2        | src1      | BUFG/O          | None       | BUFGCTRL_X0Y2 | n/a          |                 1 |          99 |               0 |       10.000 | timer_clk_clk_pll | pll.clk_pll/inst/clkout2_buf/O | pll.clk_pll/inst/timer_clk            |
| g3        | src2      | BUFG/O          | None       | BUFGCTRL_X0Y3 | n/a          |                 2 |          32 |               0 |              |                   | n_1_3431_BUFG_inst/O           | n_1_3431_BUFG                         |
| g4        | src3      | BUFG/O          | None       | BUFGCTRL_X0Y4 | n/a          |                 3 |          32 |               0 |              |                   | n_2_3624_BUFG_inst/O           | n_2_3624_BUFG                         |
| g5        | src4      | BUFG/O          | None       | BUFGCTRL_X0Y5 | n/a          |                 2 |          32 |               0 |              |                   | n_3_3625_BUFG_inst/O           | n_3_3625_BUFG                         |
| g6        | src5      | BUFG/O          | None       | BUFGCTRL_X0Y6 | n/a          |                 1 |          32 |               0 |              |                   | n_4_3775_BUFG_inst/O           | n_4_3775_BUFG                         |
| g7        | src6      | BUFG/O          | None       | BUFGCTRL_X0Y7 | n/a          |                 1 |           1 |               0 |       10.000 | clkfbout_clk_pll  | pll.clk_pll/inst/clkf_buf/O    | pll.clk_pll/inst/clkfbout_buf_clk_pll |
+-----------+-----------+-----------------+------------+---------------+--------------+-------------------+-------------+-----------------+--------------+-------------------+--------------------------------+---------------------------------------+
* Clock Loads column represents the clock pin loads (pin count)
** Non-Clock Loads column represents the non-clock pin loads (pin count)


3. Global Clock Source Details
------------------------------

+-----------+-----------+--------------------+------------+----------------+--------------+-------------+-----------------+---------------------+-------------------+------------------------------------------+---------------------------------------+
| Source Id | Global Id | Driver Type/Pin    | Constraint | Site           | Clock Region | Clock Loads | Non-Clock Loads | Source Clock Period | Source Clock      | Driver Pin                               | Net                                   |
+-----------+-----------+--------------------+------------+----------------+--------------+-------------+-----------------+---------------------+-------------------+------------------------------------------+---------------------------------------+
| src0      | g0        | PLLE2_ADV/CLKOUT0  | None       | PLLE2_ADV_X1Y1 | X1Y1         |           1 |               0 |              20.000 | cpu_clk_clk_pll   | pll.clk_pll/inst/plle2_adv_inst/CLKOUT0  | pll.clk_pll/inst/cpu_clk_clk_pll      |
| src0      | g1        | LUT1/O             | None       | SLICE_X51Y96   | X0Y1         |           1 |               0 |              20.000 | cpu_clk_clk_pll   | n_0_4267_BUFG_inst_i_1/O                 | n_0_4267_BUFG_inst_n_1                |
| src1      | g2        | PLLE2_ADV/CLKOUT1  | None       | PLLE2_ADV_X1Y1 | X1Y1         |           1 |               0 |              10.000 | timer_clk_clk_pll | pll.clk_pll/inst/plle2_adv_inst/CLKOUT1  | pll.clk_pll/inst/timer_clk_clk_pll    |
| src2      | g3        | LUT6/O             | None       | SLICE_X50Y96   | X0Y1         |           1 |               0 |                     |                   | u_cpu/cpu/regE/n_1_3431_BUFG_inst_i_1/O  | u_cpu/cpu/regE/n_1_3431_BUFG_inst_n_2 |
| src3      | g4        | LUT5/O             | None       | SLICE_X51Y96   | X0Y1         |           1 |               0 |                     |                   | u_cpu/cpu/regE/n_2_3624_BUFG_inst_i_1/O  | u_cpu/cpu/regE/n_2_3624_BUFG_inst_n_3 |
| src4      | g5        | LUT5/O             | None       | SLICE_X51Y96   | X0Y1         |           1 |               0 |                     |                   | u_cpu/cpu/regE/n_3_3625_BUFG_inst_i_1/O  | u_cpu/cpu/regE/n_3_3625_BUFG_inst_n_4 |
| src5      | g6        | LUT4/O             | None       | SLICE_X51Y95   | X0Y1         |           1 |               0 |                     |                   | u_cpu/cpu/r4W/n_4_3775_BUFG_inst_i_1/O   | u_cpu/cpu/r4W/n_4_3775_BUFG_inst_n_5  |
| src6      | g7        | PLLE2_ADV/CLKFBOUT | None       | PLLE2_ADV_X1Y1 | X1Y1         |           1 |               0 |              10.000 | clkfbout_clk_pll  | pll.clk_pll/inst/plle2_adv_inst/CLKFBOUT | pll.clk_pll/inst/clkfbout_clk_pll     |
+-----------+-----------+--------------------+------------+----------------+--------------+-------------+-----------------+---------------------+-------------------+------------------------------------------+---------------------------------------+
* Clock Loads column represents the clock pin loads (pin count)
** Non-Clock Loads column represents the non-clock pin loads (pin count)


4. Clock Regions: Key Resource Utilization
------------------------------------------

+-------------------+--------------+--------------+--------------+--------------+--------------+--------------+--------------+--------------+--------------+--------------+--------------+--------------+--------------+--------------+--------------+
|                   | Global Clock |     BUFRs    |    BUFMRs    |    BUFIOs    |     MMCM     |      PLL     |      GT      |      PCI     |    ILOGIC    |    OLOGIC    |      FF      |     LUTM     |    RAMB18    |    RAMB36    |    DSP48E2   |
+-------------------+------+-------+------+-------+------+-------+------+-------+------+-------+------+-------+------+-------+------+-------+------+-------+------+-------+------+-------+------+-------+------+-------+------+-------+------+-------+
| Clock Region Name | Used | Avail | Used | Avail | Used | Avail | Used | Avail | Used | Avail | Used | Avail | Used | Avail | Used | Avail | Used | Avail | Used | Avail | Used | Avail | Used | Avail | Used | Avail | Used | Avail | Used | Avail |
+-------------------+------+-------+------+-------+------+-------+------+-------+------+-------+------+-------+------+-------+------+-------+------+-------+------+-------+------+-------+------+-------+------+-------+------+-------+------+-------+
| X0Y0              |    1 |    12 |    0 |     4 |    0 |     2 |    0 |     4 |    0 |     1 |    0 |     1 |    0 |     0 |    0 |     0 |    0 |    50 |    0 |    50 |    2 |  2600 |    1 |   600 |    0 |    20 |   10 |    10 |    0 |    20 |
| X1Y0              |    1 |    12 |    0 |     0 |    0 |     0 |    0 |     0 |    0 |     0 |    0 |     0 |    0 |     4 |    0 |     0 |    0 |     0 |    0 |     0 |    0 |  1500 |    0 |   550 |    0 |    40 |   20 |    20 |    0 |    40 |
| X0Y1              |    6 |    12 |    0 |     4 |    0 |     2 |    0 |     4 |    0 |     1 |    0 |     1 |    0 |     0 |    0 |     0 |    0 |    50 |    0 |    50 | 1103 |  2000 |  315 |   600 |    0 |    20 |   10 |    10 |    0 |    20 |
| X1Y1              |    6 |    12 |    0 |     4 |    0 |     2 |    0 |     4 |    0 |     1 |    1 |     1 |    0 |     0 |    0 |     0 |    0 |    50 |    0 |    50 |  164 |  1900 |  123 |   650 |    0 |    60 |   30 |    30 |    0 |    40 |
| X0Y2              |    2 |    12 |    0 |     4 |    0 |     2 |    0 |     4 |    0 |     1 |    0 |     1 |    0 |     0 |    0 |     0 |    0 |    50 |    0 |    50 |    3 |  2000 |    0 |   600 |    0 |    20 |   10 |    10 |    0 |    20 |
| X1Y2              |    4 |    12 |    0 |     4 |    0 |     2 |    0 |     4 |    0 |     1 |    0 |     1 |    0 |     0 |    0 |     0 |    0 |    50 |    0 |    50 |   45 |  1900 |   30 |   650 |    0 |    60 |   28 |    30 |    0 |    40 |
| X0Y3              |    1 |    12 |    0 |     4 |    0 |     2 |    0 |     4 |    0 |     1 |    0 |     1 |    0 |     0 |    0 |     0 |    0 |    50 |    0 |    50 |    0 |  2600 |    0 |   600 |    0 |    20 |    9 |    10 |    0 |    20 |
| X1Y3              |    1 |    12 |    0 |     0 |    0 |     0 |    0 |     0 |    0 |     0 |    0 |     0 |    0 |     4 |    0 |     1 |    0 |     0 |    0 |     0 |    0 |  1350 |    0 |   500 |    0 |    30 |    3 |    15 |    0 |    40 |
+-------------------+------+-------+------+-------+------+-------+------+-------+------+-------+------+-------+------+-------+------+-------+------+-------+------+-------+------+-------+------+-------+------+-------+------+-------+------+-------+
* Global Clock column represents track count; while other columns represents cell counts


5. Clock Regions : Global Clock Summary
---------------------------------------

All Modules
+----+----+----+
|    | X0 | X1 |
+----+----+----+
| Y3 |  1 |  1 |
| Y2 |  2 |  4 |
| Y1 |  6 |  6 |
| Y0 |  1 |  1 |
+----+----+----+


6. Device Cell Placement Summary for Global Clock g0
----------------------------------------------------

+-----------+-----------------+-------------------+-----------------+-------------+----------------+-------------+----------+----------------+----------+--------------------------+
| Global Id | Driver Type/Pin | Driver Region (D) | Clock           | Period (ns) | Waveform (ns)  | Slice Loads | IO Loads | Clocking Loads | GT Loads | Net                      |
+-----------+-----------------+-------------------+-----------------+-------------+----------------+-------------+----------+----------------+----------+--------------------------+
| g0        | BUFG/O          | n/a               | cpu_clk_clk_pll |      20.000 | {0.000 10.000} |         773 |        0 |              0 |        0 | pll.clk_pll/inst/cpu_clk |
+-----------+-----------------+-------------------+-----------------+-------------+----------------+-------------+----------+----------------+----------+--------------------------+
* Slice Loads column represents load cell count of all cell types other than IO, GT and clock resources
** IO Loads column represents load cell count of IO types
*** Clocking Loads column represents load cell count that are clock resources (global clock buffer, MMCM, PLL, etc)
**** GT Loads column represents load cell count of GT types


+----+------+-----+-----------------------+
|    | X0   | X1  | HORIZONTAL PROG DELAY |
+----+------+-----+-----------------------+
| Y3 |    9 |   3 |                     0 |
| Y2 |   11 |  28 |                     0 |
| Y1 |  653 |  37 |                     0 |
| Y0 |   12 |  20 |                     0 |
+----+------+-----+-----------------------+


7. Device Cell Placement Summary for Global Clock g1
----------------------------------------------------

+-----------+-----------------+-------------------+-----------------+-------------+----------------+-------------+----------+----------------+----------+---------------+
| Global Id | Driver Type/Pin | Driver Region (D) | Clock           | Period (ns) | Waveform (ns)  | Slice Loads | IO Loads | Clocking Loads | GT Loads | Net           |
+-----------+-----------------+-------------------+-----------------+-------------+----------------+-------------+----------+----------------+----------+---------------+
| g1        | BUFG/O          | n/a               | cpu_clk_clk_pll |      20.000 | {0.000 10.000} |         566 |        0 |              0 |        0 | n_0_4267_BUFG |
+-----------+-----------------+-------------------+-----------------+-------------+----------------+-------------+----------+----------------+----------+---------------+
* Slice Loads column represents load cell count of all cell types other than IO, GT and clock resources
** IO Loads column represents load cell count of IO types
*** Clocking Loads column represents load cell count that are clock resources (global clock buffer, MMCM, PLL, etc)
**** GT Loads column represents load cell count of GT types


+----+------+------+-----------------------+
|    | X0   | X1   | HORIZONTAL PROG DELAY |
+----+------+------+-----------------------+
| Y3 |    0 |    0 |                     - |
| Y2 |    2 |   45 |                     0 |
| Y1 |  362 |  157 |                     0 |
| Y0 |    0 |    0 |                     - |
+----+------+------+-----------------------+


8. Device Cell Placement Summary for Global Clock g2
----------------------------------------------------

+-----------+-----------------+-------------------+-------------------+-------------+---------------+-------------+----------+----------------+----------+----------------------------+
| Global Id | Driver Type/Pin | Driver Region (D) | Clock             | Period (ns) | Waveform (ns) | Slice Loads | IO Loads | Clocking Loads | GT Loads | Net                        |
+-----------+-----------------+-------------------+-------------------+-------------+---------------+-------------+----------+----------------+----------+----------------------------+
| g2        | BUFG/O          | n/a               | timer_clk_clk_pll |      10.000 | {0.000 5.000} |          99 |        0 |              0 |        0 | pll.clk_pll/inst/timer_clk |
+-----------+-----------------+-------------------+-------------------+-------------+---------------+-------------+----------+----------------+----------+----------------------------+
* Slice Loads column represents load cell count of all cell types other than IO, GT and clock resources
** IO Loads column represents load cell count of IO types
*** Clocking Loads column represents load cell count that are clock resources (global clock buffer, MMCM, PLL, etc)
**** GT Loads column represents load cell count of GT types


+----+-----+----+-----------------------+
|    | X0  | X1 | HORIZONTAL PROG DELAY |
+----+-----+----+-----------------------+
| Y3 |   0 |  0 |                     - |
| Y2 |   0 |  0 |                     - |
| Y1 |  99 |  0 |                     0 |
| Y0 |   0 |  0 |                     - |
+----+-----+----+-----------------------+


9. Device Cell Placement Summary for Global Clock g3
----------------------------------------------------

+-----------+-----------------+-------------------+-------+-------------+---------------+-------------+----------+----------------+----------+---------------+
| Global Id | Driver Type/Pin | Driver Region (D) | Clock | Period (ns) | Waveform (ns) | Slice Loads | IO Loads | Clocking Loads | GT Loads | Net           |
+-----------+-----------------+-------------------+-------+-------------+---------------+-------------+----------+----------------+----------+---------------+
| g3        | BUFG/O          | n/a               |       |             |               |          32 |        0 |              0 |        0 | n_1_3431_BUFG |
+-----------+-----------------+-------------------+-------+-------------+---------------+-------------+----------+----------------+----------+---------------+
* Slice Loads column represents load cell count of all cell types other than IO, GT and clock resources
** IO Loads column represents load cell count of IO types
*** Clocking Loads column represents load cell count that are clock resources (global clock buffer, MMCM, PLL, etc)
**** GT Loads column represents load cell count of GT types


+----+-----+-----+-----------------------+
|    | X0  | X1  | HORIZONTAL PROG DELAY |
+----+-----+-----+-----------------------+
| Y3 |   0 |   0 |                     - |
| Y2 |   0 |   0 |                     - |
| Y1 |  13 |  19 |                     0 |
| Y0 |   0 |   0 |                     - |
+----+-----+-----+-----------------------+


10. Device Cell Placement Summary for Global Clock g4
-----------------------------------------------------

+-----------+-----------------+-------------------+-------+-------------+---------------+-------------+----------+----------------+----------+---------------+
| Global Id | Driver Type/Pin | Driver Region (D) | Clock | Period (ns) | Waveform (ns) | Slice Loads | IO Loads | Clocking Loads | GT Loads | Net           |
+-----------+-----------------+-------------------+-------+-------------+---------------+-------------+----------+----------------+----------+---------------+
| g4        | BUFG/O          | n/a               |       |             |               |          32 |        0 |              0 |        0 | n_2_3624_BUFG |
+-----------+-----------------+-------------------+-------+-------------+---------------+-------------+----------+----------------+----------+---------------+
* Slice Loads column represents load cell count of all cell types other than IO, GT and clock resources
** IO Loads column represents load cell count of IO types
*** Clocking Loads column represents load cell count that are clock resources (global clock buffer, MMCM, PLL, etc)
**** GT Loads column represents load cell count of GT types


+----+----+-----+-----------------------+
|    | X0 | X1  | HORIZONTAL PROG DELAY |
+----+----+-----+-----------------------+
| Y3 |  0 |   0 |                     - |
| Y2 |  0 |   8 |                     0 |
| Y1 |  1 |  23 |                     0 |
| Y0 |  0 |   0 |                     - |
+----+----+-----+-----------------------+


11. Device Cell Placement Summary for Global Clock g5
-----------------------------------------------------

+-----------+-----------------+-------------------+-------+-------------+---------------+-------------+----------+----------------+----------+---------------+
| Global Id | Driver Type/Pin | Driver Region (D) | Clock | Period (ns) | Waveform (ns) | Slice Loads | IO Loads | Clocking Loads | GT Loads | Net           |
+-----------+-----------------+-------------------+-------+-------------+---------------+-------------+----------+----------------+----------+---------------+
| g5        | BUFG/O          | n/a               |       |             |               |          32 |        0 |              0 |        0 | n_3_3625_BUFG |
+-----------+-----------------+-------------------+-------+-------------+---------------+-------------+----------+----------------+----------+---------------+
* Slice Loads column represents load cell count of all cell types other than IO, GT and clock resources
** IO Loads column represents load cell count of IO types
*** Clocking Loads column represents load cell count that are clock resources (global clock buffer, MMCM, PLL, etc)
**** GT Loads column represents load cell count of GT types


+----+----+-----+-----------------------+
|    | X0 | X1  | HORIZONTAL PROG DELAY |
+----+----+-----+-----------------------+
| Y3 |  0 |   0 |                     - |
| Y2 |  0 |  11 |                     0 |
| Y1 |  0 |  21 |                     0 |
| Y0 |  0 |   0 |                     - |
+----+----+-----+-----------------------+


12. Device Cell Placement Summary for Global Clock g6
-----------------------------------------------------

+-----------+-----------------+-------------------+-------+-------------+---------------+-------------+----------+----------------+----------+---------------+
| Global Id | Driver Type/Pin | Driver Region (D) | Clock | Period (ns) | Waveform (ns) | Slice Loads | IO Loads | Clocking Loads | GT Loads | Net           |
+-----------+-----------------+-------------------+-------+-------------+---------------+-------------+----------+----------------+----------+---------------+
| g6        | BUFG/O          | n/a               |       |             |               |          32 |        0 |              0 |        0 | n_4_3775_BUFG |
+-----------+-----------------+-------------------+-------+-------------+---------------+-------------+----------+----------------+----------+---------------+
* Slice Loads column represents load cell count of all cell types other than IO, GT and clock resources
** IO Loads column represents load cell count of IO types
*** Clocking Loads column represents load cell count that are clock resources (global clock buffer, MMCM, PLL, etc)
**** GT Loads column represents load cell count of GT types


+----+-----+----+-----------------------+
|    | X0  | X1 | HORIZONTAL PROG DELAY |
+----+-----+----+-----------------------+
| Y3 |   0 |  0 |                     - |
| Y2 |   0 |  0 |                     - |
| Y1 |  32 |  0 |                     0 |
| Y0 |   0 |  0 |                     - |
+----+-----+----+-----------------------+


13. Device Cell Placement Summary for Global Clock g7
-----------------------------------------------------

+-----------+-----------------+-------------------+------------------+-------------+---------------+-------------+----------+----------------+----------+---------------------------------------+
| Global Id | Driver Type/Pin | Driver Region (D) | Clock            | Period (ns) | Waveform (ns) | Slice Loads | IO Loads | Clocking Loads | GT Loads | Net                                   |
+-----------+-----------------+-------------------+------------------+-------------+---------------+-------------+----------+----------------+----------+---------------------------------------+
| g7        | BUFG/O          | n/a               | clkfbout_clk_pll |      10.000 | {0.000 5.000} |           0 |        0 |              1 |        0 | pll.clk_pll/inst/clkfbout_buf_clk_pll |
+-----------+-----------------+-------------------+------------------+-------------+---------------+-------------+----------+----------------+----------+---------------------------------------+
* Slice Loads column represents load cell count of all cell types other than IO, GT and clock resources
** IO Loads column represents load cell count of IO types
*** Clocking Loads column represents load cell count that are clock resources (global clock buffer, MMCM, PLL, etc)
**** GT Loads column represents load cell count of GT types


+----+----+----+-----------------------+
|    | X0 | X1 | HORIZONTAL PROG DELAY |
+----+----+----+-----------------------+
| Y3 |  0 |  0 |                     - |
| Y2 |  0 |  0 |                     - |
| Y1 |  0 |  1 |                     0 |
| Y0 |  0 |  0 |                     - |
+----+----+----+-----------------------+


14. Clock Region Cell Placement per Global Clock: Region X0Y0
-------------------------------------------------------------

+-----------+-------+-----------------+------------+-------------+-----------------+----+-------------+------+-----+----+------+-----+---------+--------------------------+
| Global Id | Track | Driver Type/Pin | Constraint | Clock Loads | Non-Clock Loads | FF | Memory LUTs | RAMB | DSP | GT | MMCM | PLL | Hard IP | Net                      |
+-----------+-------+-----------------+------------+-------------+-----------------+----+-------------+------+-----+----+------+-----+---------+--------------------------+
| g0        | n/a   | BUFG/O          | None       |          12 |               0 |  2 |           0 |   10 |   0 |  0 |    0 |   0 |       0 | pll.clk_pll/inst/cpu_clk |
+-----------+-------+-----------------+------------+-------------+-----------------+----+-------------+------+-----+----+------+-----+---------+--------------------------+
* Clock Loads column represents the clock pin loads (pin count)
** Non-Clock Loads column represents the non-clock pin loads (pin count)
*** Columns FF, LUTRAM, RAMB through 'Hard IP' represents load cell counts


15. Clock Region Cell Placement per Global Clock: Region X1Y0
-------------------------------------------------------------

+-----------+-------+-----------------+------------+-------------+-----------------+----+-------------+------+-----+----+------+-----+---------+--------------------------+
| Global Id | Track | Driver Type/Pin | Constraint | Clock Loads | Non-Clock Loads | FF | Memory LUTs | RAMB | DSP | GT | MMCM | PLL | Hard IP | Net                      |
+-----------+-------+-----------------+------------+-------------+-----------------+----+-------------+------+-----+----+------+-----+---------+--------------------------+
| g0        | n/a   | BUFG/O          | None       |          20 |               0 |  0 |           0 |   20 |   0 |  0 |    0 |   0 |       0 | pll.clk_pll/inst/cpu_clk |
+-----------+-------+-----------------+------------+-------------+-----------------+----+-------------+------+-----+----+------+-----+---------+--------------------------+
* Clock Loads column represents the clock pin loads (pin count)
** Non-Clock Loads column represents the non-clock pin loads (pin count)
*** Columns FF, LUTRAM, RAMB through 'Hard IP' represents load cell counts


16. Clock Region Cell Placement per Global Clock: Region X0Y1
-------------------------------------------------------------

+-----------+-------+-----------------+------------+-------------+-----------------+-----+-------------+------+-----+----+------+-----+---------+----------------------------+
| Global Id | Track | Driver Type/Pin | Constraint | Clock Loads | Non-Clock Loads | FF  | Memory LUTs | RAMB | DSP | GT | MMCM | PLL | Hard IP | Net                        |
+-----------+-------+-----------------+------------+-------------+-----------------+-----+-------------+------+-----+----+------+-----+---------+----------------------------+
| g0        | n/a   | BUFG/O          | None       |         652 |               1 | 642 |           0 |   10 |   0 |  0 |    0 |   0 |       0 | pll.clk_pll/inst/cpu_clk   |
| g1        | n/a   | BUFG/O          | None       |         362 |               0 | 362 |           0 |    0 |   0 |  0 |    0 |   0 |       0 | n_0_4267_BUFG              |
| g2        | n/a   | BUFG/O          | None       |          99 |               0 |  99 |           0 |    0 |   0 |  0 |    0 |   0 |       0 | pll.clk_pll/inst/timer_clk |
| g3        | n/a   | BUFG/O          | None       |          13 |               0 |   0 |           0 |    0 |   0 |  0 |    0 |   0 |       0 | n_1_3431_BUFG              |
| g4        | n/a   | BUFG/O          | None       |           1 |               0 |   0 |           0 |    0 |   0 |  0 |    0 |   0 |       0 | n_2_3624_BUFG              |
| g6        | n/a   | BUFG/O          | None       |          32 |               0 |   0 |           0 |    0 |   0 |  0 |    0 |   0 |       0 | n_4_3775_BUFG              |
+-----------+-------+-----------------+------------+-------------+-----------------+-----+-------------+------+-----+----+------+-----+---------+----------------------------+
* Clock Loads column represents the clock pin loads (pin count)
** Non-Clock Loads column represents the non-clock pin loads (pin count)
*** Columns FF, LUTRAM, RAMB through 'Hard IP' represents load cell counts


17. Clock Region Cell Placement per Global Clock: Region X1Y1
-------------------------------------------------------------

+-----------+-------+-----------------+------------+-------------+-----------------+-----+-------------+------+-----+----+------+-----+---------+---------------------------------------+
| Global Id | Track | Driver Type/Pin | Constraint | Clock Loads | Non-Clock Loads | FF  | Memory LUTs | RAMB | DSP | GT | MMCM | PLL | Hard IP | Net                                   |
+-----------+-------+-----------------+------------+-------------+-----------------+-----+-------------+------+-----+----+------+-----+---------+---------------------------------------+
| g0        | n/a   | BUFG/O          | None       |          37 |               0 |   7 |           0 |   30 |   0 |  0 |    0 |   0 |       0 | pll.clk_pll/inst/cpu_clk              |
| g1        | n/a   | BUFG/O          | None       |         157 |               0 | 157 |           0 |    0 |   0 |  0 |    0 |   0 |       0 | n_0_4267_BUFG                         |
| g3        | n/a   | BUFG/O          | None       |          19 |               0 |   0 |           0 |    0 |   0 |  0 |    0 |   0 |       0 | n_1_3431_BUFG                         |
| g4        | n/a   | BUFG/O          | None       |          23 |               0 |   0 |           0 |    0 |   0 |  0 |    0 |   0 |       0 | n_2_3624_BUFG                         |
| g5        | n/a   | BUFG/O          | None       |          21 |               0 |   0 |           0 |    0 |   0 |  0 |    0 |   0 |       0 | n_3_3625_BUFG                         |
| g7        | n/a   | BUFG/O          | None       |           1 |               0 |   0 |           0 |    0 |   0 |  0 |    0 |   1 |       0 | pll.clk_pll/inst/clkfbout_buf_clk_pll |
+-----------+-------+-----------------+------------+-------------+-----------------+-----+-------------+------+-----+----+------+-----+---------+---------------------------------------+
* Clock Loads column represents the clock pin loads (pin count)
** Non-Clock Loads column represents the non-clock pin loads (pin count)
*** Columns FF, LUTRAM, RAMB through 'Hard IP' represents load cell counts


18. Clock Region Cell Placement per Global Clock: Region X0Y2
-------------------------------------------------------------

+-----------+-------+-----------------+------------+-------------+-----------------+----+-------------+------+-----+----+------+-----+---------+--------------------------+
| Global Id | Track | Driver Type/Pin | Constraint | Clock Loads | Non-Clock Loads | FF | Memory LUTs | RAMB | DSP | GT | MMCM | PLL | Hard IP | Net                      |
+-----------+-------+-----------------+------------+-------------+-----------------+----+-------------+------+-----+----+------+-----+---------+--------------------------+
| g0        | n/a   | BUFG/O          | None       |          11 |               0 |  1 |           0 |   10 |   0 |  0 |    0 |   0 |       0 | pll.clk_pll/inst/cpu_clk |
| g1        | n/a   | BUFG/O          | None       |           2 |               0 |  2 |           0 |    0 |   0 |  0 |    0 |   0 |       0 | n_0_4267_BUFG            |
+-----------+-------+-----------------+------------+-------------+-----------------+----+-------------+------+-----+----+------+-----+---------+--------------------------+
* Clock Loads column represents the clock pin loads (pin count)
** Non-Clock Loads column represents the non-clock pin loads (pin count)
*** Columns FF, LUTRAM, RAMB through 'Hard IP' represents load cell counts


19. Clock Region Cell Placement per Global Clock: Region X1Y2
-------------------------------------------------------------

+-----------+-------+-----------------+------------+-------------+-----------------+----+-------------+------+-----+----+------+-----+---------+--------------------------+
| Global Id | Track | Driver Type/Pin | Constraint | Clock Loads | Non-Clock Loads | FF | Memory LUTs | RAMB | DSP | GT | MMCM | PLL | Hard IP | Net                      |
+-----------+-------+-----------------+------------+-------------+-----------------+----+-------------+------+-----+----+------+-----+---------+--------------------------+
| g0        | n/a   | BUFG/O          | None       |          28 |               0 |  0 |           0 |   28 |   0 |  0 |    0 |   0 |       0 | pll.clk_pll/inst/cpu_clk |
| g1        | n/a   | BUFG/O          | None       |          45 |               0 | 45 |           0 |    0 |   0 |  0 |    0 |   0 |       0 | n_0_4267_BUFG            |
| g4        | n/a   | BUFG/O          | None       |           8 |               0 |  0 |           0 |    0 |   0 |  0 |    0 |   0 |       0 | n_2_3624_BUFG            |
| g5        | n/a   | BUFG/O          | None       |          11 |               0 |  0 |           0 |    0 |   0 |  0 |    0 |   0 |       0 | n_3_3625_BUFG            |
+-----------+-------+-----------------+------------+-------------+-----------------+----+-------------+------+-----+----+------+-----+---------+--------------------------+
* Clock Loads column represents the clock pin loads (pin count)
** Non-Clock Loads column represents the non-clock pin loads (pin count)
*** Columns FF, LUTRAM, RAMB through 'Hard IP' represents load cell counts


20. Clock Region Cell Placement per Global Clock: Region X0Y3
-------------------------------------------------------------

+-----------+-------+-----------------+------------+-------------+-----------------+----+-------------+------+-----+----+------+-----+---------+--------------------------+
| Global Id | Track | Driver Type/Pin | Constraint | Clock Loads | Non-Clock Loads | FF | Memory LUTs | RAMB | DSP | GT | MMCM | PLL | Hard IP | Net                      |
+-----------+-------+-----------------+------------+-------------+-----------------+----+-------------+------+-----+----+------+-----+---------+--------------------------+
| g0        | n/a   | BUFG/O          | None       |           9 |               0 |  0 |           0 |    9 |   0 |  0 |    0 |   0 |       0 | pll.clk_pll/inst/cpu_clk |
+-----------+-------+-----------------+------------+-------------+-----------------+----+-------------+------+-----+----+------+-----+---------+--------------------------+
* Clock Loads column represents the clock pin loads (pin count)
** Non-Clock Loads column represents the non-clock pin loads (pin count)
*** Columns FF, LUTRAM, RAMB through 'Hard IP' represents load cell counts


21. Clock Region Cell Placement per Global Clock: Region X1Y3
-------------------------------------------------------------

+-----------+-------+-----------------+------------+-------------+-----------------+----+-------------+------+-----+----+------+-----+---------+--------------------------+
| Global Id | Track | Driver Type/Pin | Constraint | Clock Loads | Non-Clock Loads | FF | Memory LUTs | RAMB | DSP | GT | MMCM | PLL | Hard IP | Net                      |
+-----------+-------+-----------------+------------+-------------+-----------------+----+-------------+------+-----+----+------+-----+---------+--------------------------+
| g0        | n/a   | BUFG/O          | None       |           3 |               0 |  0 |           0 |    3 |   0 |  0 |    0 |   0 |       0 | pll.clk_pll/inst/cpu_clk |
+-----------+-------+-----------------+------------+-------------+-----------------+----+-------------+------+-----+----+------+-----+---------+--------------------------+
* Clock Loads column represents the clock pin loads (pin count)
** Non-Clock Loads column represents the non-clock pin loads (pin count)
*** Columns FF, LUTRAM, RAMB through 'Hard IP' represents load cell counts



# Location of BUFG Primitives 
set_property LOC BUFGCTRL_X0Y2 [get_cells pll.clk_pll/inst/clkout2_buf]
set_property LOC BUFGCTRL_X0Y0 [get_cells pll.clk_pll/inst/clkout1_buf]
set_property LOC BUFGCTRL_X0Y7 [get_cells pll.clk_pll/inst/clkf_buf]
set_property LOC BUFGCTRL_X0Y6 [get_cells n_4_3775_BUFG_inst]
set_property LOC BUFGCTRL_X0Y5 [get_cells n_3_3625_BUFG_inst]
set_property LOC BUFGCTRL_X0Y4 [get_cells n_2_3624_BUFG_inst]
set_property LOC BUFGCTRL_X0Y3 [get_cells n_1_3431_BUFG_inst]
set_property LOC BUFGCTRL_X0Y1 [get_cells n_0_4267_BUFG_inst]

# Location of IO Primitives which is load of clock spine

# Location of clock ports
set_property LOC IOB_X1Y126 [get_ports clk]

# Clock net "pll.clk_pll/inst/timer_clk" driven by instance "pll.clk_pll/inst/clkout2_buf" located at site "BUFGCTRL_X0Y2"
#startgroup
create_pblock {CLKAG_pll.clk_pll/inst/timer_clk}
add_cells_to_pblock [get_pblocks  {CLKAG_pll.clk_pll/inst/timer_clk}] [get_cells -filter { PRIMITIVE_GROUP != I/O && IS_PRIMITIVE==1 && PRIMITIVE_LEVEL !=INTERNAL } -of_object [get_pins -filter {DIRECTION==IN} -of_objects [get_nets -hierarchical -filter {PARENT=="pll.clk_pll/inst/timer_clk"}]]]
resize_pblock [get_pblocks {CLKAG_pll.clk_pll/inst/timer_clk}] -add {CLOCKREGION_X0Y1:CLOCKREGION_X0Y1}
#endgroup

# Clock net "pll.clk_pll/inst/cpu_clk" driven by instance "pll.clk_pll/inst/clkout1_buf" located at site "BUFGCTRL_X0Y0"
#startgroup
create_pblock {CLKAG_pll.clk_pll/inst/cpu_clk}
add_cells_to_pblock [get_pblocks  {CLKAG_pll.clk_pll/inst/cpu_clk}] [get_cells -filter { PRIMITIVE_GROUP != I/O && IS_PRIMITIVE==1 && PRIMITIVE_LEVEL !=INTERNAL } -of_object [get_pins -filter {DIRECTION==IN} -of_objects [get_nets -hierarchical -filter {PARENT=="pll.clk_pll/inst/cpu_clk"}]]]
resize_pblock [get_pblocks {CLKAG_pll.clk_pll/inst/cpu_clk}] -add {CLOCKREGION_X0Y0:CLOCKREGION_X0Y0 CLOCKREGION_X0Y1:CLOCKREGION_X0Y1 CLOCKREGION_X0Y2:CLOCKREGION_X0Y2 CLOCKREGION_X0Y3:CLOCKREGION_X0Y3 CLOCKREGION_X1Y0:CLOCKREGION_X1Y0 CLOCKREGION_X1Y1:CLOCKREGION_X1Y1 CLOCKREGION_X1Y2:CLOCKREGION_X1Y2 CLOCKREGION_X1Y3:CLOCKREGION_X1Y3}
#endgroup

# Clock net "n_4_3775_BUFG" driven by instance "n_4_3775_BUFG_inst" located at site "BUFGCTRL_X0Y6"
#startgroup
create_pblock {CLKAG_n_4_3775_BUFG}
add_cells_to_pblock [get_pblocks  {CLKAG_n_4_3775_BUFG}] [get_cells -filter { PRIMITIVE_GROUP != I/O && IS_PRIMITIVE==1 && PRIMITIVE_LEVEL !=INTERNAL } -of_object [get_pins -filter {DIRECTION==IN} -of_objects [get_nets -hierarchical -filter {PARENT=="n_4_3775_BUFG"}]]]
resize_pblock [get_pblocks {CLKAG_n_4_3775_BUFG}] -add {CLOCKREGION_X0Y1:CLOCKREGION_X0Y1}
#endgroup

# Clock net "n_3_3625_BUFG" driven by instance "n_3_3625_BUFG_inst" located at site "BUFGCTRL_X0Y5"
#startgroup
create_pblock {CLKAG_n_3_3625_BUFG}
add_cells_to_pblock [get_pblocks  {CLKAG_n_3_3625_BUFG}] [get_cells -filter { PRIMITIVE_GROUP != I/O && IS_PRIMITIVE==1 && PRIMITIVE_LEVEL !=INTERNAL } -of_object [get_pins -filter {DIRECTION==IN} -of_objects [get_nets -hierarchical -filter {PARENT=="n_3_3625_BUFG"}]]]
resize_pblock [get_pblocks {CLKAG_n_3_3625_BUFG}] -add {CLOCKREGION_X1Y1:CLOCKREGION_X1Y1 CLOCKREGION_X1Y2:CLOCKREGION_X1Y2}
#endgroup

# Clock net "n_2_3624_BUFG" driven by instance "n_2_3624_BUFG_inst" located at site "BUFGCTRL_X0Y4"
#startgroup
create_pblock {CLKAG_n_2_3624_BUFG}
add_cells_to_pblock [get_pblocks  {CLKAG_n_2_3624_BUFG}] [get_cells -filter { PRIMITIVE_GROUP != I/O && IS_PRIMITIVE==1 && PRIMITIVE_LEVEL !=INTERNAL } -of_object [get_pins -filter {DIRECTION==IN} -of_objects [get_nets -hierarchical -filter {PARENT=="n_2_3624_BUFG"}]]]
resize_pblock [get_pblocks {CLKAG_n_2_3624_BUFG}] -add {CLOCKREGION_X0Y1:CLOCKREGION_X0Y1 CLOCKREGION_X1Y1:CLOCKREGION_X1Y1 CLOCKREGION_X1Y2:CLOCKREGION_X1Y2}
#endgroup

# Clock net "n_1_3431_BUFG" driven by instance "n_1_3431_BUFG_inst" located at site "BUFGCTRL_X0Y3"
#startgroup
create_pblock {CLKAG_n_1_3431_BUFG}
add_cells_to_pblock [get_pblocks  {CLKAG_n_1_3431_BUFG}] [get_cells -filter { PRIMITIVE_GROUP != I/O && IS_PRIMITIVE==1 && PRIMITIVE_LEVEL !=INTERNAL } -of_object [get_pins -filter {DIRECTION==IN} -of_objects [get_nets -hierarchical -filter {PARENT=="n_1_3431_BUFG"}]]]
resize_pblock [get_pblocks {CLKAG_n_1_3431_BUFG}] -add {CLOCKREGION_X0Y1:CLOCKREGION_X0Y1 CLOCKREGION_X1Y1:CLOCKREGION_X1Y1}
#endgroup

# Clock net "n_0_4267_BUFG" driven by instance "n_0_4267_BUFG_inst" located at site "BUFGCTRL_X0Y1"
#startgroup
create_pblock {CLKAG_n_0_4267_BUFG}
add_cells_to_pblock [get_pblocks  {CLKAG_n_0_4267_BUFG}] [get_cells -filter { PRIMITIVE_GROUP != I/O && IS_PRIMITIVE==1 && PRIMITIVE_LEVEL !=INTERNAL } -of_object [get_pins -filter {DIRECTION==IN} -of_objects [get_nets -hierarchical -filter {PARENT=="n_0_4267_BUFG"}]]]
resize_pblock [get_pblocks {CLKAG_n_0_4267_BUFG}] -add {CLOCKREGION_X0Y1:CLOCKREGION_X0Y1 CLOCKREGION_X0Y2:CLOCKREGION_X0Y2 CLOCKREGION_X1Y1:CLOCKREGION_X1Y1 CLOCKREGION_X1Y2:CLOCKREGION_X1Y2}
#endgroup
