Copyright 1986-2021 Xilinx, Inc. All Rights Reserved.
----------------------------------------------------------------------------------------------------------------------------------------------------------
| Tool Version     : Vivado v.2021.2 (win64) Build 3367213 Tue Oct 19 02:48:09 MDT 2021
| Date             : Thu Jan  6 22:17:50 2022
| Host             : DESKTOP-NQNJDGK running 64-bit major release  (build 9200)
| Command          : report_power -file soc_lite_top_power_routed.rpt -pb soc_lite_top_power_summary_routed.pb -rpx soc_lite_top_power_routed.rpx
| Design           : soc_lite_top
| Device           : xc7a100tcsg324-1
| Design State     : routed
| Grade            : commercial
| Process          : typical
| Characterization : Production
----------------------------------------------------------------------------------------------------------------------------------------------------------

Power Report

Table of Contents
-----------------
1. Summary
1.1 On-Chip Components
1.2 Power Supply Summary
1.3 Confidence Level
2. Settings
2.1 Environment
2.2 Clock Constraints
3. Detailed Reports
3.1 By Hierarchy

1. Summary
----------

+--------------------------+--------------+
| Total On-Chip Power (W)  | 0.278        |
| Design Power Budget (W)  | Unspecified* |
| Power Budget Margin (W)  | NA           |
| Dynamic (W)              | 0.175        |
| Device Static (W)        | 0.103        |
| Effective TJA (C/W)      | 4.6          |
| Max Ambient (C)          | 83.7         |
| Junction Temperature (C) | 26.3         |
| Confidence Level         | Low          |
| Setting File             | ---          |
| Simulation Activity File | ---          |
| Design Nets Matched      | NA           |
+--------------------------+--------------+
* Specify Design Power Budget using, set_operating_conditions -design_power_budget <value in Watts>


1.1 On-Chip Components
----------------------

+--------------------------+-----------+----------+-----------+-----------------+
| On-Chip                  | Power (W) | Used     | Available | Utilization (%) |
+--------------------------+-----------+----------+-----------+-----------------+
| Clocks                   |     0.008 |        6 |       --- |             --- |
| Slice Logic              |     0.022 |     7133 |       --- |             --- |
|   LUT as Logic           |     0.021 |     4175 |     63400 |            6.59 |
|   CARRY4                 |    <0.001 |      160 |     15850 |            1.01 |
|   Register               |    <0.001 |     1454 |    126800 |            1.15 |
|   F7/F8 Muxes            |    <0.001 |      112 |     63400 |            0.18 |
|   LUT as Distributed RAM |    <0.001 |       44 |     19000 |            0.23 |
|   BUFG                   |    <0.001 |        4 |        32 |           12.50 |
|   Others                 |     0.000 |      257 |       --- |             --- |
| Signals                  |     0.025 |     7091 |       --- |             --- |
| Block RAM                |     0.014 |      120 |       135 |           88.89 |
| PLL                      |     0.100 |        1 |         6 |           16.67 |
| I/O                      |     0.006 |       45 |       210 |           21.43 |
| Static Power             |     0.103 |          |           |                 |
| Total                    |     0.278 |          |           |                 |
+--------------------------+-----------+----------+-----------+-----------------+


1.2 Power Supply Summary
------------------------

+-----------+-------------+-----------+-------------+------------+-------------+-------------+------------+
| Source    | Voltage (V) | Total (A) | Dynamic (A) | Static (A) | Powerup (A) | Budget (A)  | Margin (A) |
+-----------+-------------+-----------+-------------+------------+-------------+-------------+------------+
| Vccint    |       1.000 |     0.094 |       0.076 |      0.018 |       NA    | Unspecified | NA         |
| Vccaux    |       1.800 |     0.070 |       0.052 |      0.018 |       NA    | Unspecified | NA         |
| Vcco33    |       3.300 |     0.006 |       0.002 |      0.004 |       NA    | Unspecified | NA         |
| Vcco25    |       2.500 |     0.000 |       0.000 |      0.000 |       NA    | Unspecified | NA         |
| Vcco18    |       1.800 |     0.000 |       0.000 |      0.000 |       NA    | Unspecified | NA         |
| Vcco15    |       1.500 |     0.000 |       0.000 |      0.000 |       NA    | Unspecified | NA         |
| Vcco135   |       1.350 |     0.000 |       0.000 |      0.000 |       NA    | Unspecified | NA         |
| Vcco12    |       1.200 |     0.000 |       0.000 |      0.000 |       NA    | Unspecified | NA         |
| Vccaux_io |       1.800 |     0.000 |       0.000 |      0.000 |       NA    | Unspecified | NA         |
| Vccbram   |       1.000 |     0.004 |       0.001 |      0.003 |       NA    | Unspecified | NA         |
| MGTAVcc   |       1.000 |     0.000 |       0.000 |      0.000 |       NA    | Unspecified | NA         |
| MGTAVtt   |       1.200 |     0.000 |       0.000 |      0.000 |       NA    | Unspecified | NA         |
| Vccadc    |       1.800 |     0.020 |       0.000 |      0.020 |       NA    | Unspecified | NA         |
+-----------+-------------+-----------+-------------+------------+-------------+-------------+------------+


1.3 Confidence Level
--------------------

+-----------------------------+------------+--------------------------------------------------------+--------------------------------------------------------------------------------------------------------------------+
| User Input Data             | Confidence | Details                                                | Action                                                                                                             |
+-----------------------------+------------+--------------------------------------------------------+--------------------------------------------------------------------------------------------------------------------+
| Design implementation state | High       | Design is routed                                       |                                                                                                                    |
| Clock nodes activity        | Medium     | More than 5% of clocks are missing user specification  | Provide missing clock activity with a constraint file, simulation results or by editing the "By Clock Domain" view |
| I/O nodes activity          | Low        | More than 75% of inputs are missing user specification | Provide missing input activity with simulation results or by editing the "By Resource Type -> I/Os" view           |
| Internal nodes activity     | Medium     | User specified less than 25% of internal nodes         | Provide missing internal nodes activity with simulation results or by editing the "By Resource Type" views         |
| Device models               | High       | Device models are Production                           |                                                                                                                    |
|                             |            |                                                        |                                                                                                                    |
| Overall confidence level    | Low        |                                                        |                                                                                                                    |
+-----------------------------+------------+--------------------------------------------------------+--------------------------------------------------------------------------------------------------------------------+


2. Settings
-----------

2.1 Environment
---------------

+-----------------------+--------------------------+
| Ambient Temp (C)      | 25.0                     |
| ThetaJA (C/W)         | 4.6                      |
| Airflow (LFM)         | 250                      |
| Heat Sink             | medium (Medium Profile)  |
| ThetaSA (C/W)         | 4.6                      |
| Board Selection       | medium (10"x10")         |
| # of Board Layers     | 12to15 (12 to 15 Layers) |
| Board Temperature (C) | 25.0                     |
+-----------------------+--------------------------+


2.2 Clock Constraints
---------------------

+-------------------+------------------------------------+-----------------+
| Clock             | Domain                             | Constraint (ns) |
+-------------------+------------------------------------+-----------------+
| clk               | clk                                |            10.0 |
| clkfbout_clk_pll  | pll.clk_pll/inst/clkfbout_clk_pll  |            10.0 |
| cpu_clk_clk_pll   | pll.clk_pll/inst/cpu_clk_clk_pll   |            20.0 |
| timer_clk_clk_pll | pll.clk_pll/inst/timer_clk_clk_pll |            10.0 |
+-------------------+------------------------------------+-----------------+


3. Detailed Reports
-------------------

3.1 By Hierarchy
----------------

+------------------------+-----------+
| Name                   | Power (W) |
+------------------------+-----------+
| soc_lite_top           |     0.175 |
|   confreg              |     0.004 |
|   data_ram             |     0.004 |
|     U0                 |     0.004 |
|       inst_blk_mem_gen |     0.004 |
|   inst_ram             |     0.014 |
|     U0                 |     0.014 |
|       inst_blk_mem_gen |     0.014 |
|   pll.clk_pll          |     0.101 |
|     inst               |     0.101 |
|   u_cpu                |     0.047 |
|     cpu                |     0.047 |
|       alu              |     0.002 |
|       pcreg            |     0.003 |
|       r2D              |     0.001 |
|       r3E              |     0.021 |
|       r4E              |     0.003 |
|       r5E              |     0.002 |
|       r7E              |     0.002 |
|       regE             |     0.005 |
|       srcbmux          |     0.002 |
+------------------------+-----------+


