Time resolution is 1 ps
 Block Memory Generator module loading initial data...
 Block Memory Generator data initialization complete.
Block Memory Generator module tb_top.soc_lite.inst_ram.inst.\native_mem_module.blk_mem_gen_v8_4_5_inst  is using a behavioral model for simulation which will not precisely model memory collision behavior.
Block Memory Generator module tb_top.soc_lite.data_ram.inst.\native_mem_module.blk_mem_gen_v8_4_5_inst  is using a behavioral model for simulation which will not precisely model memory collision behavior.
==============================================================
Test begin!
----[   7675 ns] Number 8'd01 Functional Test Point PASS!!!
----[  17835 ns] Number 8'd02 Functional Test Point PASS!!!
        [  22000 ns] Test is running, debug_wb_pc = 0xbfc6fe14
----[  27985 ns] Number 8'd03 Functional Test Point PASS!!!
        [  32000 ns] Test is running, debug_wb_pc = 0xbfc4a9b4
----[  36975 ns] Number 8'd04 Functional Test Point PASS!!!
        [  42000 ns] Test is running, debug_wb_pc = 0xbfc21024
----[  51665 ns] Number 8'd05 Functional Test Point PASS!!!
        [  52000 ns] Test is running, debug_wb_pc = 0xbfc35d68
        [  62000 ns] Test is running, debug_wb_pc = 0xbfc36d08
----[  64745 ns] Number 8'd06 Functional Test Point PASS!!!
        [  72000 ns] Test is running, debug_wb_pc = 0xbfc54720
----[  80695 ns] Number 8'd07 Functional Test Point PASS!!!
        [  82000 ns] Test is running, debug_wb_pc = 0xbfc557b0
        [  92000 ns] Test is running, debug_wb_pc = 0xbfc56578
----[  94825 ns] Number 8'd08 Functional Test Point PASS!!!
        [ 102000 ns] Test is running, debug_wb_pc = 0xbfc35740
----[ 106605 ns] Number 8'd09 Functional Test Point PASS!!!
        [ 112000 ns] Test is running, debug_wb_pc = 0xbfc344e0
----[ 118875 ns] Number 8'd10 Functional Test Point PASS!!!
        [ 122000 ns] Test is running, debug_wb_pc = 0x00000000
----[ 131615 ns] Number 8'd11 Functional Test Point PASS!!!
        [ 132000 ns] Test is running, debug_wb_pc = 0xbfc0364c
        [ 142000 ns] Test is running, debug_wb_pc = 0xbfc045ec
----[ 146285 ns] Number 8'd12 Functional Test Point PASS!!!
        [ 152000 ns] Test is running, debug_wb_pc = 0xbfc37f58
        [ 162000 ns] Test is running, debug_wb_pc = 0xbfc393a8
----[ 170875 ns] Number 8'd13 Functional Test Point PASS!!!
        [ 172000 ns] Test is running, debug_wb_pc = 0xbfc3db9c
        [ 182000 ns] Test is running, debug_wb_pc = 0xbfc3ee9c
        [ 192000 ns] Test is running, debug_wb_pc = 0xbfc401a4
        [ 202000 ns] Test is running, debug_wb_pc = 0xbfc41484
----[ 205425 ns] Number 8'd14 Functional Test Point PASS!!!
        [ 212000 ns] Test is running, debug_wb_pc = 0xbfc6a58c
        [ 222000 ns] Test is running, debug_wb_pc = 0xbfc6b84c
        [ 232000 ns] Test is running, debug_wb_pc = 0xbfc6cb0c
----[ 241315 ns] Number 8'd15 Functional Test Point PASS!!!
        [ 242000 ns] Test is running, debug_wb_pc = 0xbfc5f7a0
----[ 245085 ns] Number 8'd16 Functional Test Point PASS!!!
----[ 249115 ns] Number 8'd17 Functional Test Point PASS!!!
----[ 251065 ns] Number 8'd18 Functional Test Point PASS!!!
        [ 252000 ns] Test is running, debug_wb_pc = 0xbfc2e250
----[ 253285 ns] Number 8'd19 Functional Test Point PASS!!!
----[ 255755 ns] Number 8'd20 Functional Test Point PASS!!!
        [ 262000 ns] Test is running, debug_wb_pc = 0xbfc64bc8
----[ 271615 ns] Number 8'd21 Functional Test Point PASS!!!
        [ 272000 ns] Test is running, debug_wb_pc = 0x00000000
        [ 282000 ns] Test is running, debug_wb_pc = 0xbfc09b3c
----[ 284585 ns] Number 8'd22 Functional Test Point PASS!!!
        [ 292000 ns] Test is running, debug_wb_pc = 0xbfc2b09c
----[ 300635 ns] Number 8'd23 Functional Test Point PASS!!!
        [ 302000 ns] Test is running, debug_wb_pc = 0xbfc0a02c
        [ 312000 ns] Test is running, debug_wb_pc = 0xbfc0ae2c
----[ 317895 ns] Number 8'd24 Functional Test Point PASS!!!
        [ 322000 ns] Test is running, debug_wb_pc = 0xbfc06a94
        [ 332000 ns] Test is running, debug_wb_pc = 0xbfc07850
----[ 333015 ns] Number 8'd25 Functional Test Point PASS!!!
        [ 342000 ns] Test is running, debug_wb_pc = 0xbfc45358
----[ 342175 ns] Number 8'd26 Functional Test Point PASS!!!
----[ 349415 ns] Number 8'd27 Functional Test Point PASS!!!
        [ 352000 ns] Test is running, debug_wb_pc = 0xbfc70984
----[ 360405 ns] Number 8'd28 Functional Test Point PASS!!!
        [ 362000 ns] Test is running, debug_wb_pc = 0xbfc5ecd0
----[ 369535 ns] Number 8'd29 Functional Test Point PASS!!!
        [ 372000 ns] Test is running, debug_wb_pc = 0xbfc3c678
        [ 382000 ns] Test is running, debug_wb_pc = 0xbfc3d470
----[ 385995 ns] Number 8'd30 Functional Test Point PASS!!!
        [ 392000 ns] Test is running, debug_wb_pc = 0xbfc08188
----[ 398645 ns] Number 8'd31 Functional Test Point PASS!!!
        [ 402000 ns] Test is running, debug_wb_pc = 0xbfc5da30
        [ 412000 ns] Test is running, debug_wb_pc = 0xbfc5e7f4
----[ 414245 ns] Number 8'd32 Functional Test Point PASS!!!
        [ 422000 ns] Test is running, debug_wb_pc = 0xbfc60638
----[ 427905 ns] Number 8'd33 Functional Test Point PASS!!!
        [ 432000 ns] Test is running, debug_wb_pc = 0xbfc0c1a8
----[ 441695 ns] Number 8'd34 Functional Test Point PASS!!!
        [ 442000 ns] Test is running, debug_wb_pc = 0xbfc00938
        [ 452000 ns] Test is running, debug_wb_pc = 0xbfc060e4
----[ 455315 ns] Number 8'd35 Functional Test Point PASS!!!
        [ 462000 ns] Test is running, debug_wb_pc = 0xbfc66708
----[ 471155 ns] Number 8'd36 Functional Test Point PASS!!!
        [ 472000 ns] Test is running, debug_wb_pc = 0xbfc4b5c4
        [ 482000 ns] Test is running, debug_wb_pc = 0xbfc4ca50
        [ 492000 ns] Test is running, debug_wb_pc = 0xbfc4def8
        [ 502000 ns] Test is running, debug_wb_pc = 0x00000000
        [ 512000 ns] Test is running, debug_wb_pc = 0xbfc50858
----[ 512465 ns] Number 8'd37 Functional Test Point PASS!!!
        [ 522000 ns] Test is running, debug_wb_pc = 0xbfc1c414
        [ 532000 ns] Test is running, debug_wb_pc = 0xbfc1d8f0
        [ 542000 ns] Test is running, debug_wb_pc = 0xbfc1ed6c
        [ 552000 ns] Test is running, debug_wb_pc = 0xbfc2025c
----[ 553575 ns] Number 8'd38 Functional Test Point PASS!!!
        [ 562000 ns] Test is running, debug_wb_pc = 0xbfc5922c
        [ 572000 ns] Test is running, debug_wb_pc = 0xbfc5a6a4
        [ 582000 ns] Test is running, debug_wb_pc = 0xbfc5bb50
        [ 592000 ns] Test is running, debug_wb_pc = 0xbfc5d020
----[ 594885 ns] Number 8'd39 Functional Test Point PASS!!!
        [ 602000 ns] Test is running, debug_wb_pc = 0xbfc47348
        [ 612000 ns] Test is running, debug_wb_pc = 0xbfc4865c
        [ 622000 ns] Test is running, debug_wb_pc = 0xbfc4997c
----[ 626855 ns] Number 8'd40 Functional Test Point PASS!!!
        [ 632000 ns] Test is running, debug_wb_pc = 0xbfc23910
        [ 642000 ns] Test is running, debug_wb_pc = 0xbfc24ba8
        [ 652000 ns] Test is running, debug_wb_pc = 0xbfc25e18
        [ 662000 ns] Test is running, debug_wb_pc = 0xbfc270c4
        [ 672000 ns] Test is running, debug_wb_pc = 0xbfc283ac
----[ 673925 ns] Number 8'd41 Functional Test Point PASS!!!
        [ 682000 ns] Test is running, debug_wb_pc = 0xbfc1646c
        [ 692000 ns] Test is running, debug_wb_pc = 0xbfc1773c
        [ 702000 ns] Test is running, debug_wb_pc = 0xbfc189e8
        [ 712000 ns] Test is running, debug_wb_pc = 0xbfc19c4c
        [ 722000 ns] Test is running, debug_wb_pc = 0xbfc1aef0
----[ 723165 ns] Number 8'd42 Functional Test Point PASS!!!
        [ 732000 ns] Test is running, debug_wb_pc = 0xbfc106c4
        [ 742000 ns] Test is running, debug_wb_pc = 0xbfc1174c
        [ 752000 ns] Test is running, debug_wb_pc = 0xbfc127b8
        [ 762000 ns] Test is running, debug_wb_pc = 0xbfc1381c
        [ 772000 ns] Test is running, debug_wb_pc = 0xbfc148a4
----[ 776755 ns] Number 8'd43 Functional Test Point PASS!!!
        [ 782000 ns] Test is running, debug_wb_pc = 0xbfc3aaec
        [ 792000 ns] Test is running, debug_wb_pc = 0xbfc3af58
        [ 802000 ns] Test is running, debug_wb_pc = 0xbfc3b3c0
        [ 812000 ns] Test is running, debug_wb_pc = 0xbfc3b850
        [ 822000 ns] Test is running, debug_wb_pc = 0xbfc3bcb0
        [ 832000 ns] Test is running, debug_wb_pc = 0xbfc3c144
----[ 836865 ns] Number 8'd44 Functional Test Point PASS!!!
        [ 842000 ns] Test is running, debug_wb_pc = 0xbfc316b0
        [ 852000 ns] Test is running, debug_wb_pc = 0xbfc31b48
        [ 862000 ns] Test is running, debug_wb_pc = 0xbfc31fa8
        [ 872000 ns] Test is running, debug_wb_pc = 0xbfc32434
        [ 882000 ns] Test is running, debug_wb_pc = 0xbfc328a0
        [ 892000 ns] Test is running, debug_wb_pc = 0xbfc32d08
        [ 902000 ns] Test is running, debug_wb_pc = 0xbfc33198
        [ 912000 ns] Test is running, debug_wb_pc = 0xbfc335f8
        [ 922000 ns] Test is running, debug_wb_pc = 0xbfc33a7c
----[ 924335 ns] Number 8'd45 Functional Test Point PASS!!!
        [ 932000 ns] Test is running, debug_wb_pc = 0xbfc2c82c
        [ 942000 ns] Test is running, debug_wb_pc = 0xbfc2d7cc
----[ 947915 ns] Number 8'd46 Functional Test Point PASS!!!
        [ 952000 ns] Test is running, debug_wb_pc = 0xbfc01b24
        [ 962000 ns] Test is running, debug_wb_pc = 0xbfc02ac4
----[ 969255 ns] Number 8'd47 Functional Test Point PASS!!!
        [ 972000 ns] Test is running, debug_wb_pc = 0xbfc45930
----[ 979975 ns] Number 8'd48 Functional Test Point PASS!!!
        [ 982000 ns] Test is running, debug_wb_pc = 0xbfc57510
----[ 990675 ns] Number 8'd49 Functional Test Point PASS!!!
        [ 992000 ns] Test is running, debug_wb_pc = 0xbfc51b78
----[1000675 ns] Number 8'd50 Functional Test Point PASS!!!
        [1002000 ns] Test is running, debug_wb_pc = 0xbfc226f8
----[1006445 ns] Number 8'd51 Functional Test Point PASS!!!
        [1012000 ns] Test is running, debug_wb_pc = 0xbfc051fc
----[1013635 ns] Number 8'd52 Functional Test Point PASS!!!
----[1021185 ns] Number 8'd53 Functional Test Point PASS!!!
        [1022000 ns] Test is running, debug_wb_pc = 0xbfc52b54
----[1028695 ns] Number 8'd54 Functional Test Point PASS!!!
        [1032000 ns] Test is running, debug_wb_pc = 0xbfc616e4
----[1036525 ns] Number 8'd55 Functional Test Point PASS!!!
        [1042000 ns] Test is running, debug_wb_pc = 0xbfc53890
----[1044445 ns] Number 8'd56 Functional Test Point PASS!!!
        [1052000 ns] Test is running, debug_wb_pc = 0xbfc6e7f0
----[1052005 ns] Number 8'd57 Functional Test Point PASS!!!
----[1056945 ns] Number 8'd58 Functional Test Point PASS!!!
        [1062000 ns] Test is running, debug_wb_pc = 0x00000000
        [1072000 ns] Test is running, debug_wb_pc = 0xbfc2fb20
----[1080905 ns] Number 8'd59 Functional Test Point PASS!!!
        [1082000 ns] Test is running, debug_wb_pc = 0xbfc674c8
        [1092000 ns] Test is running, debug_wb_pc = 0xbfc683b8
        [1102000 ns] Test is running, debug_wb_pc = 0xbfc69318
----[1106525 ns] Number 8'd60 Functional Test Point PASS!!!
        [1112000 ns] Test is running, debug_wb_pc = 0xbfc28f30
        [1122000 ns] Test is running, debug_wb_pc = 0xbfc29e74
----[1125455 ns] Number 8'd61 Functional Test Point PASS!!!
        [1132000 ns] Test is running, debug_wb_pc = 0x00000000
        [1142000 ns] Test is running, debug_wb_pc = 0xbfc43d38
----[1146755 ns] Number 8'd62 Functional Test Point PASS!!!
        [1152000 ns] Test is running, debug_wb_pc = 0xbfc6217c
        [1162000 ns] Test is running, debug_wb_pc = 0xbfc6306c
        [1172000 ns] Test is running, debug_wb_pc = 0xbfc63f24
----[1174985 ns] Number 8'd63 Functional Test Point PASS!!!
        [1182000 ns] Test is running, debug_wb_pc = 0xbfc0dbc8
        [1192000 ns] Test is running, debug_wb_pc = 0xbfc0eac8
----[1201565 ns] Number 8'd64 Functional Test Point PASS!!!
        [1202000 ns] Test is running, debug_wb_pc = 0xbfc423b0
--------------------------------------------------------------
[1202017 ns] Error!!!
    reference: PC = 0xbfc00380, wb_rf_wnum = 0x1a, wb_rf_wdata = 0x00004000
    mycpu    : PC = 0xbfc424a4, wb_rf_wnum = 0x09, wb_rf_wdata = 0x41000000
--------------------------------------------------------------
---------------------------------